2024-03-13 12:41:38.593 [info] Log level: Info
2024-03-13 12:41:38.593 [info] VSCODE_MACHINE_ID: someValue.machineId
2024-03-13 12:41:38.593 [info] VSCODE_SESSION_ID: someValue.sessionId
2024-03-13 12:41:38.593 [info] VSCODE_VERSION: 1.87.0
2024-03-13 12:41:38.593 [info] VSCODE_APP_NAME: Gitpod Code
2024-03-13 12:41:38.593 [info] VSCODE_APP_HOST: Gitpod
2024-03-13 12:41:38.593 [info] VSCODE_UI_KIND: web
2024-03-13 12:41:38.593 [info] GITPOD_WORKSPACE_CONTEXT_URL: https://github.com/freeCodeCamp/learn-celestial-bodies-database
2024-03-13 12:41:38.593 [info] GITPOD_INSTANCE_ID: 4b418b59-e215-4482-9bf9-60313e0a3a71
2024-03-13 12:41:38.593 [info] GITPOD_WORKSPACE_URL: https://freecodecam-learncelest-ty8ardvq1sf.ws-us109.gitpod.io
2024-03-13 12:41:38.593 [info] Gitpod Web 4e069a6
2024-03-13 12:41:38.593 [info] Reading sessions from keychain...
2024-03-13 12:41:39.452 [info] Getting sessions for all scopes...
2024-03-13 12:41:39.452 [info] Getting GitHub sessions for all scopes...
2024-03-13 12:41:39.452 [info] Got 1 GitHub sessions for all scopes...
2024-03-13 12:41:39.453 [info] Got stored sessions!
2024-03-13 12:41:39.453 [info] Verified session with the following scopes: function:accessCodeSyncStorage function:closePort function:controlAdmission function:deleteEnvVar function:generateNewGitpodToken function:getDefaultWorkspaceImage function:getEnvVars function:getGitpodTokenScopes function:getIDToken function:getLoggedInUser function:getOpenPorts function:getSupportedWorkspaceClasses function:getTeams function:getToken function:getWorkspace function:getWorkspaceEnvVars function:getWorkspaceOwner function:getWorkspaceTimeout function:getWorkspaceUsers function:guessGitTokenScopes function:isWorkspaceOwner function:openPort function:sendHeartBeat function:setEnvVar function:setWorkspaceTimeout function:stopWorkspace function:takeSnapshot function:trackEvent function:updateGitStatus function:waitForSnapshot resource:contentBlob::*::create/get resource:envVar::freeCodeCamp/learn-celestial-bodies-database::create/get/update/delete resource:gitpodToken::*::create resource:snapshot::ws-freecodecam-learncelest-ty8ardvq1sf::create resource:token::*::get resource:userStorage::*::create/get/update resource:workspace::freecodecam-learncelest-ty8ardvq1sf::get/update resource:workspaceInstance::4b418b59-e215-4482-9bf9-60313e0a3a71::get/update/delete
2024-03-13 12:41:39.457 [info] Got 1 verified sessions.
2024-03-13 12:41:39.457 [info] Got 1 sessions for all scopes...
2024-03-13 12:41:42.525 [info] Getting GitHub sessions for read:user,repo,user:email,workflow...
2024-03-13 12:41:42.525 [info] Getting GitHub sessions for all scopes...
2024-03-13 12:41:42.525 [info] Getting sessions for all scopes...
2024-03-13 12:41:42.526 [info] Got 0 GitHub sessions for read:user,repo,user:email,workflow...
2024-03-13 12:41:42.526 [info] Got 1 GitHub sessions for all scopes...
2024-03-13 12:41:42.526 [info] Got 1 sessions for all scopes...
2024-03-13 12:41:49.591 [info] Getting GitHub sessions for project,read:org,read:user,repo,user:email,workflow...
2024-03-13 12:41:49.591 [info] Got 0 GitHub sessions for project,read:org,read:user,repo,user:email,workflow...
2024-03-13 12:41:59.775 [info] Getting GitHub sessions for read:user,repo,user:email,workflow...
2024-03-13 12:41:59.775 [info] Got 0 GitHub sessions for read:user,repo,user:email,workflow...
2024-03-13 12:42:02.368 [info] Getting GitHub sessions for read:user,repo,user:email...
2024-03-13 12:42:02.368 [info] Got 0 GitHub sessions for read:user,repo,user:email...
2024-03-13 12:42:02.408 [info] Getting sessions for all scopes...
2024-03-13 12:42:02.408 [info] Getting GitHub sessions for all scopes...
2024-03-13 12:42:02.408 [info] Got 1 sessions for all scopes...
2024-03-13 12:42:02.408 [info] Got 1 GitHub sessions for all scopes...
2024-03-13 12:42:02.559 [info] Getting sessions for all scopes...
2024-03-13 12:42:02.559 [info] Getting GitHub sessions for all scopes...
2024-03-13 12:42:02.559 [info] Got 1 sessions for all scopes...
2024-03-13 12:42:02.559 [info] Got 1 GitHub sessions for all scopes...
2024-03-13 12:42:02.570 [info] Getting GitHub sessions for all scopes...
2024-03-13 12:42:02.570 [info] Got 1 GitHub sessions for all scopes...
2024-03-13 12:42:02.781 [info] Getting sessions for function:accessCodeSyncStorage...
2024-03-13 12:42:02.787 [info] Got 1 sessions for function:accessCodeSyncStorage...
2024-03-13 12:42:02.936 [info] Getting GitHub sessions for read:user,repo,user:email,workflow...
2024-03-13 12:42:02.936 [info] Got 0 GitHub sessions for read:user,repo,user:email,workflow...
