2024-03-12 21:14:12.955 [warning] /home/gitpod/.ssh/config: ENOENT: no such file or directory, open '/home/gitpod/.ssh/config'
2024-03-12 21:14:12.955 [info] Activation> Extension version: 0.82.0
2024-03-12 21:14:14.885 [info] Looking for git repository
2024-03-12 21:14:14.885 [info] Found 0 repositories during activation
2024-03-12 21:14:14.885 [info] Git repository found, initializing review manager and pr tree view.
2024-03-12 21:14:14.889 [info] Registering git provider
2024-03-12 21:14:14.889 [info] Review+0> Validate state in progress
2024-03-12 21:14:14.889 [info] Review+0> Validating state...
2024-03-12 21:14:15.035 [info] Found GitHub remote for folder /workspace/project
2024-03-12 21:14:15.037 [info] Trying to use globalState for assignableUsers.
2024-03-12 21:14:15.049 [info] Review+0> No matching pull request metadata found locally for current branch main
2024-03-12 21:14:15.049 [info] Review+0> No matching pull request metadata found on GitHub for current branch main
2024-03-12 21:14:15.270 [info] Repo state for file:///workspace/project changed.
2024-03-12 21:14:15.270 [info] Repo file:///workspace/project has already been setup.
2024-03-12 21:14:15.280 [info] GlobalState does not exist for assignableUsers.
2024-03-12 21:15:22.669 [info] Review+0> Validate state in progress
2024-03-12 21:15:22.669 [info] Review+0> Validating state...
2024-03-12 21:15:23.760 [info] Found GitHub remote for folder /workspace/project
2024-03-12 21:15:23.761 [info] Using in-memory cached assignable users.
2024-03-12 21:15:23.771 [info] Review+0> No matching pull request metadata found locally for current branch main
2024-03-12 21:15:23.771 [info] Review+0> No matching pull request metadata found on GitHub for current branch main
