2024-03-13 12:36:50.078 [info] Log level: Info
2024-03-13 12:36:50.078 [info] Validating found git in: "git"
2024-03-13 12:36:50.078 [info] Using git "2.43.0" from "git"
2024-03-13 12:36:50.078 [info] > git rev-parse --show-toplevel [2ms]
2024-03-13 12:36:50.078 [info] > git rev-parse --git-dir --git-common-dir [2ms]
2024-03-13 12:36:50.078 [info] Open repository: /workspace/project
2024-03-13 12:36:50.078 [info] > git config --get commit.template [7ms]
2024-03-13 12:36:50.078 [info] > git rev-parse --show-toplevel [2ms]
2024-03-13 12:36:50.078 [info] > git for-each-ref --format=%(refname)%00%(upstream:short)%00%(objectname)%00%(upstream:track)%00%(upstream:remotename)%00%(upstream:remoteref) refs/heads/main refs/remotes/main [39ms]
2024-03-13 12:36:50.078 [info] > git rev-parse --show-toplevel [2ms]
2024-03-13 12:36:50.078 [warning] ENOENT: no such file or directory, open '/workspace/project/.git/refs/remotes/origin/main'
2024-03-13 12:36:50.078 [info] > git rev-parse refs/remotes/origin/main [2ms]
2024-03-13 12:36:50.078 [info] > git status -z -uall [157ms]
2024-03-13 12:36:50.078 [info] > git config --get commit.template [9ms]
2024-03-13 12:36:50.078 [info] > git for-each-ref --format=%(refname)%00%(upstream:short)%00%(objectname)%00%(upstream:track)%00%(upstream:remotename)%00%(upstream:remoteref) refs/heads/main refs/remotes/main [3ms]
2024-03-13 12:36:50.078 [warning] ENOENT: no such file or directory, open '/workspace/project/.git/refs/remotes/origin/main'
2024-03-13 12:36:50.078 [info] > git rev-parse refs/remotes/origin/main [7ms]
2024-03-13 12:36:50.079 [info] > git status -z -uall [3ms]
2024-03-13 12:36:50.594 [info] > git check-ignore -v -z --stdin [1ms]
2024-03-13 12:36:52.655 [info] > git config --local branch.main.github-pr-owner-number [3ms]
2024-03-13 12:36:52.655 [warning] git config failed: Failed to execute git
2024-03-13 12:37:45.152 [info] > git config --get commit.template [7ms]
2024-03-13 12:37:45.153 [info] > git for-each-ref --format=%(refname)%00%(upstream:short)%00%(objectname)%00%(upstream:track)%00%(upstream:remotename)%00%(upstream:remoteref) refs/heads/main refs/remotes/main [2ms]
2024-03-13 12:37:45.159 [warning] ENOENT: no such file or directory, open '/workspace/project/.git/refs/remotes/origin/main'
2024-03-13 12:37:45.160 [info] > git rev-parse refs/remotes/origin/main [1ms]
2024-03-13 12:37:45.167 [info] > git status -z -uall [1ms]
