2024-03-13 12:35:53.142 [info] Log level: Info
2024-03-13 12:35:53.156 [info] VSCODE_MACHINE_ID: someValue.machineId
2024-03-13 12:35:53.156 [info] VSCODE_SESSION_ID: someValue.sessionId
2024-03-13 12:35:53.156 [info] VSCODE_VERSION: 1.87.0
2024-03-13 12:35:53.156 [info] VSCODE_APP_NAME: Gitpod Code
2024-03-13 12:35:53.156 [info] VSCODE_APP_HOST: Gitpod
2024-03-13 12:35:53.156 [info] VSCODE_UI_KIND: web
2024-03-13 12:35:53.156 [info] GITPOD_WORKSPACE_CONTEXT_URL: https://github.com/freeCodeCamp/learn-celestial-bodies-database
2024-03-13 12:35:53.156 [info] GITPOD_INSTANCE_ID: 4b418b59-e215-4482-9bf9-60313e0a3a71
2024-03-13 12:35:53.156 [info] GITPOD_WORKSPACE_URL: https://freecodecam-learncelest-ty8ardvq1sf.ws-us109.gitpod.io
2024-03-13 12:35:53.168 [info] Gitpod Web 4e069a6
2024-03-13 12:35:53.168 [info] Reading sessions from keychain...
2024-03-13 12:35:53.335 [info] Getting sessions for all scopes...
2024-03-13 12:35:53.335 [info] Getting GitHub sessions for all scopes...
2024-03-13 12:35:53.335 [info] Getting sessions for function:accessCodeSyncStorage...
2024-03-13 12:35:53.336 [info] Got stored sessions!
2024-03-13 12:35:53.336 [info] Verified session with the following scopes: function:accessCodeSyncStorage function:closePort function:controlAdmission function:deleteEnvVar function:generateNewGitpodToken function:getDefaultWorkspaceImage function:getEnvVars function:getGitpodTokenScopes function:getIDToken function:getLoggedInUser function:getOpenPorts function:getSupportedWorkspaceClasses function:getTeams function:getToken function:getWorkspace function:getWorkspaceEnvVars function:getWorkspaceOwner function:getWorkspaceTimeout function:getWorkspaceUsers function:guessGitTokenScopes function:isWorkspaceOwner function:openPort function:sendHeartBeat function:setEnvVar function:setWorkspaceTimeout function:stopWorkspace function:takeSnapshot function:trackEvent function:updateGitStatus function:waitForSnapshot resource:contentBlob::*::create/get resource:envVar::freeCodeCamp/learn-celestial-bodies-database::create/get/update/delete resource:gitpodToken::*::create resource:snapshot::ws-freecodecam-learncelest-ty8ardvq1sf::create resource:token::*::get resource:userStorage::*::create/get/update resource:workspace::freecodecam-learncelest-ty8ardvq1sf::get/update resource:workspaceInstance::4b418b59-e215-4482-9bf9-60313e0a3a71::get/update/delete
2024-03-13 12:35:53.336 [info] Got 1 verified sessions.
2024-03-13 12:35:53.336 [info] Got 1 sessions for all scopes...
2024-03-13 12:35:53.336 [info] Got 1 sessions for function:accessCodeSyncStorage...
2024-03-13 12:35:53.435 [info] Got 1 GitHub sessions for all scopes...
2024-03-13 12:35:53.833 [info] Getting sessions for all scopes...
2024-03-13 12:35:53.833 [info] Got 1 sessions for all scopes...
2024-03-13 12:35:53.878 [info] Getting GitHub sessions for all scopes...
2024-03-13 12:35:53.878 [info] Got 1 GitHub sessions for all scopes...
2024-03-13 12:35:53.925 [info] Getting GitHub sessions for all scopes...
2024-03-13 12:35:53.925 [info] Got 1 GitHub sessions for all scopes...
2024-03-13 12:35:54.383 [info] Getting GitHub sessions for read:user,repo,user:email,workflow...
2024-03-13 12:35:54.383 [info] Got 0 GitHub sessions for read:user,repo,user:email,workflow...
2024-03-13 12:35:55.046 [info] Getting GitHub sessions for project,read:org,read:user,repo,user:email,workflow...
2024-03-13 12:35:55.046 [info] Got 0 GitHub sessions for project,read:org,read:user,repo,user:email,workflow...
2024-03-13 12:35:55.422 [info] Getting GitHub sessions for read:user,repo,user:email,workflow...
2024-03-13 12:35:55.422 [info] Got 0 GitHub sessions for read:user,repo,user:email,workflow...
2024-03-13 12:35:55.798 [info] Getting GitHub sessions for read:user,repo,user:email...
2024-03-13 12:35:55.798 [info] Got 0 GitHub sessions for read:user,repo,user:email...
2024-03-13 12:35:56.219 [info] Getting GitHub sessions for read:user,repo,user:email,workflow...
2024-03-13 12:35:56.219 [info] Got 0 GitHub sessions for read:user,repo,user:email,workflow...
