2024-03-12 21:57:20.206 [info] Log level: Info
2024-03-12 21:57:20.206 [info] Validating found git in: "git"
2024-03-12 21:57:20.206 [info] Using git "2.43.0" from "git"
2024-03-12 21:57:20.206 [info] > git rev-parse --show-toplevel [2ms]
2024-03-12 21:57:20.206 [info] > git rev-parse --git-dir --git-common-dir [2ms]
2024-03-12 21:57:20.206 [info] Open repository: /workspace/project
2024-03-12 21:57:20.206 [info] > git config --get commit.template [7ms]
2024-03-12 21:57:20.206 [info] > git rev-parse --show-toplevel [26ms]
2024-03-12 21:57:20.206 [info] > git for-each-ref --format=%(refname)%00%(upstream:short)%00%(objectname)%00%(upstream:track)%00%(upstream:remotename)%00%(upstream:remoteref) refs/heads/main refs/remotes/main [7ms]
2024-03-12 21:57:20.206 [info] > git rev-parse --show-toplevel [2ms]
2024-03-12 21:57:20.206 [warning] ENOENT: no such file or directory, open '/workspace/project/.git/refs/remotes/origin/main'
2024-03-12 21:57:20.206 [info] > git rev-parse refs/remotes/origin/main [1ms]
2024-03-12 21:57:20.206 [info] > git status -z -uall [2ms]
2024-03-12 21:57:20.206 [info] > git config --get commit.template [6ms]
2024-03-12 21:57:20.206 [info] > git for-each-ref --format=%(refname)%00%(upstream:short)%00%(objectname)%00%(upstream:track)%00%(upstream:remotename)%00%(upstream:remoteref) refs/heads/main refs/remotes/main [116ms]
2024-03-12 21:57:20.206 [warning] ENOENT: no such file or directory, open '/workspace/project/.git/refs/remotes/origin/main'
2024-03-12 21:57:20.206 [info] > git rev-parse refs/remotes/origin/main [2ms]
2024-03-12 21:57:20.206 [info] > git status -z -uall [5ms]
2024-03-12 21:57:20.717 [info] > git check-ignore -v -z --stdin [1ms]
2024-03-12 21:57:22.475 [info] > git config --local branch.main.github-pr-owner-number [2ms]
2024-03-12 21:57:22.475 [warning] git config failed: Failed to execute git
2024-03-12 22:02:22.333 [info] > git config --local branch.main.github-pr-owner-number [2ms]
2024-03-12 22:02:22.333 [warning] git config failed: Failed to execute git
