2024-03-13 12:36:49.328 [info] Log level: Info
2024-03-13 12:36:49.328 [info] VSCODE_MACHINE_ID: someValue.machineId
2024-03-13 12:36:49.328 [info] VSCODE_SESSION_ID: someValue.sessionId
2024-03-13 12:36:49.328 [info] VSCODE_VERSION: 1.87.0
2024-03-13 12:36:49.328 [info] VSCODE_APP_NAME: Gitpod Code
2024-03-13 12:36:49.328 [info] VSCODE_APP_HOST: Gitpod
2024-03-13 12:36:49.328 [info] VSCODE_UI_KIND: web
2024-03-13 12:36:49.328 [info] GITPOD_WORKSPACE_CONTEXT_URL: https://github.com/freeCodeCamp/learn-celestial-bodies-database
2024-03-13 12:36:49.328 [info] GITPOD_INSTANCE_ID: 4b418b59-e215-4482-9bf9-60313e0a3a71
2024-03-13 12:36:49.328 [info] GITPOD_WORKSPACE_URL: https://freecodecam-learncelest-ty8ardvq1sf.ws-us109.gitpod.io
2024-03-13 12:36:49.328 [info] Gitpod Web 4e069a6
2024-03-13 12:36:49.329 [info] Reading sessions from keychain...
2024-03-13 12:36:49.452 [info] Getting sessions for all scopes...
2024-03-13 12:36:49.452 [info] Getting GitHub sessions for all scopes...
2024-03-13 12:36:49.453 [info] Getting sessions for function:accessCodeSyncStorage...
2024-03-13 12:36:49.453 [info] Got stored sessions!
2024-03-13 12:36:49.453 [info] Verified session with the following scopes: function:accessCodeSyncStorage function:closePort function:controlAdmission function:deleteEnvVar function:generateNewGitpodToken function:getDefaultWorkspaceImage function:getEnvVars function:getGitpodTokenScopes function:getIDToken function:getLoggedInUser function:getOpenPorts function:getSupportedWorkspaceClasses function:getTeams function:getToken function:getWorkspace function:getWorkspaceEnvVars function:getWorkspaceOwner function:getWorkspaceTimeout function:getWorkspaceUsers function:guessGitTokenScopes function:isWorkspaceOwner function:openPort function:sendHeartBeat function:setEnvVar function:setWorkspaceTimeout function:stopWorkspace function:takeSnapshot function:trackEvent function:updateGitStatus function:waitForSnapshot resource:contentBlob::*::create/get resource:envVar::freeCodeCamp/learn-celestial-bodies-database::create/get/update/delete resource:gitpodToken::*::create resource:snapshot::ws-freecodecam-learncelest-ty8ardvq1sf::create resource:token::*::get resource:userStorage::*::create/get/update resource:workspace::freecodecam-learncelest-ty8ardvq1sf::get/update resource:workspaceInstance::4b418b59-e215-4482-9bf9-60313e0a3a71::get/update/delete
2024-03-13 12:36:49.453 [info] Got 1 verified sessions.
2024-03-13 12:36:49.453 [info] Got 1 sessions for all scopes...
2024-03-13 12:36:49.454 [info] Got 1 sessions for function:accessCodeSyncStorage...
2024-03-13 12:36:49.581 [info] Got 1 GitHub sessions for all scopes...
2024-03-13 12:36:49.582 [info] Getting GitHub sessions for all scopes...
2024-03-13 12:36:49.582 [info] Got 1 GitHub sessions for all scopes...
2024-03-13 12:36:49.711 [info] Getting sessions for all scopes...
2024-03-13 12:36:49.711 [info] Got 1 sessions for all scopes...
2024-03-13 12:36:49.764 [info] Getting GitHub sessions for all scopes...
2024-03-13 12:36:49.764 [info] Got 1 GitHub sessions for all scopes...
2024-03-13 12:36:50.691 [info] Getting GitHub sessions for read:user,repo,user:email,workflow...
2024-03-13 12:36:50.691 [info] Got 0 GitHub sessions for read:user,repo,user:email,workflow...
2024-03-13 12:36:51.147 [info] Getting GitHub sessions for project,read:org,read:user,repo,user:email,workflow...
2024-03-13 12:36:51.147 [info] Got 0 GitHub sessions for project,read:org,read:user,repo,user:email,workflow...
2024-03-13 12:36:51.543 [info] Getting GitHub sessions for read:user,repo,user:email,workflow...
2024-03-13 12:36:51.543 [info] Got 0 GitHub sessions for read:user,repo,user:email,workflow...
2024-03-13 12:36:51.939 [info] Getting GitHub sessions for read:user,repo,user:email...
2024-03-13 12:36:51.939 [info] Got 0 GitHub sessions for read:user,repo,user:email...
2024-03-13 12:36:52.345 [info] Getting GitHub sessions for read:user,repo,user:email,workflow...
2024-03-13 12:36:52.345 [info] Got 0 GitHub sessions for read:user,repo,user:email,workflow...
