2024-03-13 19:22:39.930 [info] Log level: Info
2024-03-13 19:22:39.930 [info] VSCODE_MACHINE_ID: someValue.machineId
2024-03-13 19:22:39.930 [info] VSCODE_SESSION_ID: someValue.sessionId
2024-03-13 19:22:39.930 [info] VSCODE_VERSION: 1.87.0
2024-03-13 19:22:39.930 [info] VSCODE_APP_NAME: Gitpod Code
2024-03-13 19:22:39.930 [info] VSCODE_APP_HOST: Gitpod
2024-03-13 19:22:39.930 [info] VSCODE_UI_KIND: web
2024-03-13 19:22:39.930 [info] GITPOD_WORKSPACE_CONTEXT_URL: https://github.com/freeCodeCamp/learn-celestial-bodies-database
2024-03-13 19:22:39.930 [info] GITPOD_INSTANCE_ID: d97019f5-de37-485c-85ac-be7660dffe46
2024-03-13 19:22:39.930 [info] GITPOD_WORKSPACE_URL: https://freecodecam-learncelest-ty8ardvq1sf.ws-us109.gitpod.io
2024-03-13 19:22:39.930 [info] Gitpod Web 4e069a6
2024-03-13 19:22:39.930 [info] Reading sessions from keychain...
2024-03-13 19:22:40.086 [info] Getting sessions for all scopes...
2024-03-13 19:22:40.086 [info] Getting GitHub sessions for all scopes...
2024-03-13 19:22:40.086 [info] Getting sessions for function:accessCodeSyncStorage...
2024-03-13 19:22:40.086 [info] Got stored sessions!
2024-03-13 19:22:40.086 [info] Verified session with the following scopes: function:accessCodeSyncStorage function:closePort function:controlAdmission function:deleteEnvVar function:generateNewGitpodToken function:getDefaultWorkspaceImage function:getEnvVars function:getGitpodTokenScopes function:getIDToken function:getLoggedInUser function:getOpenPorts function:getSupportedWorkspaceClasses function:getTeams function:getToken function:getWorkspace function:getWorkspaceEnvVars function:getWorkspaceOwner function:getWorkspaceTimeout function:getWorkspaceUsers function:guessGitTokenScopes function:isWorkspaceOwner function:openPort function:sendHeartBeat function:setEnvVar function:setWorkspaceTimeout function:stopWorkspace function:takeSnapshot function:trackEvent function:updateGitStatus function:waitForSnapshot resource:contentBlob::*::create/get resource:envVar::freeCodeCamp/learn-celestial-bodies-database::create/get/update/delete resource:gitpodToken::*::create resource:snapshot::ws-freecodecam-learncelest-ty8ardvq1sf::create resource:token::*::get resource:userStorage::*::create/get/update resource:workspace::freecodecam-learncelest-ty8ardvq1sf::get/update resource:workspaceInstance::d97019f5-de37-485c-85ac-be7660dffe46::get/update/delete
2024-03-13 19:22:40.087 [info] Got 1 verified sessions.
2024-03-13 19:22:40.087 [info] Got 1 sessions for all scopes...
2024-03-13 19:22:40.087 [info] Got 1 sessions for function:accessCodeSyncStorage...
2024-03-13 19:22:40.177 [info] Getting GitHub sessions for all scopes...
2024-03-13 19:22:40.235 [info] Got 1 GitHub sessions for all scopes...
2024-03-13 19:22:40.235 [info] Got 1 GitHub sessions for all scopes...
2024-03-13 19:22:40.301 [info] Getting sessions for all scopes...
2024-03-13 19:22:40.301 [info] Got 1 sessions for all scopes...
2024-03-13 19:22:40.555 [info] Getting GitHub sessions for all scopes...
2024-03-13 19:22:40.555 [info] Got 1 GitHub sessions for all scopes...
2024-03-13 19:22:40.929 [info] Getting GitHub sessions for read:user,repo,user:email,workflow...
2024-03-13 19:22:40.929 [info] Got 0 GitHub sessions for read:user,repo,user:email,workflow...
2024-03-13 19:22:41.382 [info] Getting GitHub sessions for project,read:org,read:user,repo,user:email,workflow...
2024-03-13 19:22:41.382 [info] Got 0 GitHub sessions for project,read:org,read:user,repo,user:email,workflow...
2024-03-13 19:22:41.820 [info] Getting GitHub sessions for read:user,repo,user:email,workflow...
2024-03-13 19:22:41.820 [info] Got 0 GitHub sessions for read:user,repo,user:email,workflow...
2024-03-13 19:22:42.199 [info] Getting GitHub sessions for read:user,repo,user:email...
2024-03-13 19:22:42.199 [info] Got 0 GitHub sessions for read:user,repo,user:email...
2024-03-13 19:22:42.568 [info] Getting GitHub sessions for read:user,repo,user:email,workflow...
2024-03-13 19:22:42.568 [info] Got 0 GitHub sessions for read:user,repo,user:email,workflow...
