2024-03-13 20:28:50.677 [info] Log level: Info
2024-03-13 20:28:50.677 [info] Validating found git in: "git"
2024-03-13 20:28:50.677 [info] Using git "2.43.0" from "git"
2024-03-13 20:28:50.677 [info] > git rev-parse --show-toplevel [8ms]
2024-03-13 20:28:50.677 [info] > git rev-parse --git-dir --git-common-dir [2ms]
2024-03-13 20:28:50.677 [info] Open repository: /workspace/project
2024-03-13 20:28:50.677 [info] > git config --get commit.template [8ms]
2024-03-13 20:28:50.677 [info] > git rev-parse --show-toplevel [2ms]
2024-03-13 20:28:50.677 [info] > git rev-parse --show-toplevel [24ms]
2024-03-13 20:28:50.677 [info] > git for-each-ref --format=%(refname)%00%(upstream:short)%00%(objectname)%00%(upstream:track)%00%(upstream:remotename)%00%(upstream:remoteref) refs/heads/main refs/remotes/main [32ms]
2024-03-13 20:28:50.677 [warning] ENOENT: no such file or directory, open '/workspace/project/.git/refs/remotes/origin/main'
2024-03-13 20:28:50.677 [info] > git rev-parse refs/remotes/origin/main [1ms]
2024-03-13 20:28:50.677 [info] > git status -z -uall [2ms]
2024-03-13 20:28:50.677 [info] > git config --get commit.template [38ms]
2024-03-13 20:28:50.677 [info] > git for-each-ref --format=%(refname)%00%(upstream:short)%00%(objectname)%00%(upstream:track)%00%(upstream:remotename)%00%(upstream:remoteref) refs/heads/main refs/remotes/main [2ms]
2024-03-13 20:28:50.677 [warning] ENOENT: no such file or directory, open '/workspace/project/.git/refs/remotes/origin/main'
2024-03-13 20:28:50.677 [info] > git rev-parse refs/remotes/origin/main [2ms]
2024-03-13 20:28:50.677 [info] > git status -z -uall [5ms]
2024-03-13 20:28:51.128 [info] > git show --textconv :universe_new.sql [10ms]
2024-03-13 20:28:51.129 [info] > git ls-files --stage -- /workspace/project/universe_new.sql [2ms]
2024-03-13 20:28:51.190 [info] > git check-ignore -v -z --stdin [2ms]
2024-03-13 20:28:53.079 [info] > git config --local branch.main.github-pr-owner-number [3ms]
2024-03-13 20:28:53.079 [warning] git config failed: Failed to execute git
2024-03-13 20:33:52.933 [info] > git config --local branch.main.github-pr-owner-number [1ms]
2024-03-13 20:33:52.933 [warning] git config failed: Failed to execute git
2024-03-13 20:35:16.341 [info] > git config --get commit.template [9ms]
2024-03-13 20:35:16.341 [info] > git for-each-ref --format=%(refname)%00%(upstream:short)%00%(objectname)%00%(upstream:track)%00%(upstream:remotename)%00%(upstream:remoteref) refs/heads/main refs/remotes/main [2ms]
2024-03-13 20:35:16.352 [info] > git status -z -uall [2ms]
2024-03-13 20:35:16.472 [info] > git ls-files --stage -- /workspace/project/universe_new.sql [1ms]
2024-03-13 20:35:16.481 [info] > git cat-file -s e69de29bb2d1d6434b8b29ae775ad8c2e48c5391 [2ms]
2024-03-13 20:35:16.505 [info] > git config --local branch.main.github-pr-owner-number [1ms]
2024-03-13 20:35:16.505 [warning] git config failed: Failed to execute git
2024-03-13 20:35:16.630 [info] > git show --textconv :universe_new.sql [3ms]
2024-03-13 20:35:21.376 [info] > git config --get commit.template [8ms]
2024-03-13 20:35:21.376 [info] > git for-each-ref --format=%(refname)%00%(upstream:short)%00%(objectname)%00%(upstream:track)%00%(upstream:remotename)%00%(upstream:remoteref) refs/heads/main refs/remotes/main [1ms]
2024-03-13 20:35:21.385 [info] > git status -z -uall [2ms]
