2024-03-13 20:28:51.008 [warning] /home/gitpod/.ssh/config: ENOENT: no such file or directory, open '/home/gitpod/.ssh/config'
2024-03-13 20:28:51.008 [info] Activation> Extension version: 0.82.0
2024-03-13 20:28:52.917 [info] Looking for git repository
2024-03-13 20:28:52.917 [info] Found 0 repositories during activation
2024-03-13 20:28:52.917 [info] Git repository found, initializing review manager and pr tree view.
2024-03-13 20:28:52.922 [info] Registering git provider
2024-03-13 20:28:52.922 [info] Review+0> Validate state in progress
2024-03-13 20:28:52.922 [info] Review+0> Validating state...
2024-03-13 20:28:53.064 [info] Found GitHub remote for folder /workspace/project
2024-03-13 20:28:53.066 [info] Trying to use globalState for assignableUsers.
2024-03-13 20:28:53.080 [info] Review+0> No matching pull request metadata found locally for current branch main
2024-03-13 20:28:53.080 [info] Review+0> No matching pull request metadata found on GitHub for current branch main
2024-03-13 20:28:53.212 [info] GlobalState does not exist for assignableUsers.
2024-03-13 20:35:16.357 [info] Review+0> Validate state in progress
2024-03-13 20:35:16.357 [info] Review+0> Validating state...
2024-03-13 20:35:16.357 [info] Repo state for file:///workspace/project changed.
2024-03-13 20:35:16.357 [info] Repo file:///workspace/project has already been setup.
2024-03-13 20:35:16.495 [info] Found GitHub remote for folder /workspace/project
2024-03-13 20:35:16.496 [info] Using in-memory cached assignable users.
2024-03-13 20:35:16.506 [info] Review+0> No matching pull request metadata found locally for current branch main
2024-03-13 20:35:16.506 [info] Review+0> No matching pull request metadata found on GitHub for current branch main
