2024-03-12 22:00:02.011 [info] Log level: Info
2024-03-12 22:00:02.011 [info] Validating found git in: "git"
2024-03-12 22:00:02.011 [info] Using git "2.43.0" from "git"
2024-03-12 22:00:02.011 [info] > git rev-parse --show-toplevel [1ms]
2024-03-12 22:00:02.011 [info] > git rev-parse --git-dir --git-common-dir [1ms]
2024-03-12 22:00:02.011 [info] Open repository: /workspace/project
2024-03-12 22:00:02.011 [info] > git config --get commit.template [8ms]
2024-03-12 22:00:02.011 [info] > git rev-parse --show-toplevel [2ms]
2024-03-12 22:00:02.011 [info] > git for-each-ref --format=%(refname)%00%(upstream:short)%00%(objectname)%00%(upstream:track)%00%(upstream:remotename)%00%(upstream:remoteref) refs/heads/main refs/remotes/main [9ms]
2024-03-12 22:00:02.011 [info] > git rev-parse --show-toplevel [22ms]
2024-03-12 22:00:02.011 [warning] ENOENT: no such file or directory, open '/workspace/project/.git/refs/remotes/origin/main'
2024-03-12 22:00:02.011 [info] > git rev-parse refs/remotes/origin/main [1ms]
2024-03-12 22:00:02.011 [info] > git status -z -uall [1ms]
2024-03-12 22:00:02.011 [info] > git config --get commit.template [119ms]
2024-03-12 22:00:02.011 [info] > git for-each-ref --format=%(refname)%00%(upstream:short)%00%(objectname)%00%(upstream:track)%00%(upstream:remotename)%00%(upstream:remoteref) refs/heads/main refs/remotes/main [2ms]
2024-03-12 22:00:02.011 [warning] ENOENT: no such file or directory, open '/workspace/project/.git/refs/remotes/origin/main'
2024-03-12 22:00:02.011 [info] > git rev-parse refs/remotes/origin/main [1ms]
2024-03-12 22:00:02.011 [info] > git status -z -uall [2ms]
2024-03-12 22:00:02.522 [info] > git check-ignore -v -z --stdin [1ms]
2024-03-12 22:00:04.169 [info] > git config --local branch.main.github-pr-owner-number [2ms]
2024-03-12 22:00:04.169 [warning] git config failed: Failed to execute git
