2024-03-12 21:57:18.972 [info] Extension host with pid 13682 started
2024-03-12 21:57:18.979 [info] Lock '/workspace/.vscode-remote/data/User/workspaceStorage/-20cb3b0f/vscode.lock': Lock acquired.
2024-03-12 21:57:19.139 [info] ExtensionService#_doActivateExtension gitpod.gitpod-web, startup: false, activationEvent: 'onAuthenticationRequest:gitpod'
2024-03-12 21:57:19.568 [info] ExtensionService#_doActivateExtension vscode.git-base, startup: true, activationEvent: '*', root cause: vscode.git
2024-03-12 21:57:19.702 [info] ExtensionService#_doActivateExtension vscode.git, startup: true, activationEvent: '*'
2024-03-12 21:57:19.702 [info] ExtensionService#_doActivateExtension vscode.github, startup: true, activationEvent: '*'
2024-03-12 21:57:19.989 [info] Eager extensions activated
2024-03-12 21:57:19.989 [info] ExtensionService#_doActivateExtension vscode.debug-auto-launch, startup: false, activationEvent: 'onStartupFinished'
2024-03-12 21:57:19.990 [info] ExtensionService#_doActivateExtension vscode.merge-conflict, startup: false, activationEvent: 'onStartupFinished'
2024-03-12 21:57:19.990 [info] ExtensionService#_doActivateExtension vscode.github-authentication, startup: false, activationEvent: 'onStartupFinished', root cause: GitHub.vscode-pull-request-github
2024-03-12 21:57:20.062 [info] ExtensionService#_doActivateExtension redhat.vscode-yaml, startup: false, activationEvent: 'onLanguage:yaml'
2024-03-12 21:57:20.062 [info] ExtensionService#_doActivateExtension vscode.emmet, startup: false, activationEvent: 'onLanguage'
2024-03-12 21:57:20.211 [info] ExtensionService#_doActivateExtension GitHub.vscode-pull-request-github, startup: false, activationEvent: 'onStartupFinished'
2024-03-12 21:57:20.597 [warning] [redhat.vscode-yaml] Accessing a resource scoped configuration without providing a resource is not expected. To get the effective value for '[yaml]', provide the URI of a resource or 'null' for any resource.
2024-03-12 21:57:20.599 [warning] [redhat.vscode-yaml] Accessing a resource scoped configuration without providing a resource is not expected. To get the effective value for '[yaml]', provide the URI of a resource or 'null' for any resource.
2024-03-12 21:57:20.797 [info] ExtensionService#_doActivateExtension vscode.json-language-features, startup: false, activationEvent: 'onLanguage:jsonc'
2024-03-12 21:57:20.797 [info] ExtensionService#_doActivateExtension vscode.typescript-language-features, startup: false, activationEvent: 'onLanguage:jsonc'
2024-03-12 21:57:21.320 [info] ExtensionService#_doActivateExtension vscode.simple-browser, startup: false, activationEvent: 'onCommand:simpleBrowser.api.open'
2024-03-12 22:04:59.215 [info] Extension host terminating: renderer disconnected for too long (2)
2024-03-12 22:04:59.216 [info] Lock '/workspace/.vscode-remote/data/User/workspaceStorage/-20cb3b0f/vscode.lock': Marking the lockfile as scheduled to be released in 6000 ms.
2024-03-12 22:04:59.233 [error] Canceled: Canceled
	at Object.C [as $6] (/ide/out/vs/workbench/api/node/extensionHostProcess.js:10:1032)
	at /ide/out/vs/workbench/api/node/extensionHostProcess.js:147:2349
	at Array.forEach (<anonymous>)
	at s.dispose (/ide/out/vs/workbench/api/node/extensionHostProcess.js:147:2287)
	at p.terminate (/ide/out/vs/workbench/api/node/extensionHostProcess.js:156:8052)
	at o.terminate (/ide/out/vs/workbench/api/node/extensionHostProcess.js:160:1513)
	at t (/ide/out/vs/workbench/api/node/extensionHostProcess.js:173:9949)
	at O.a (/ide/out/vs/workbench/api/node/extensionHostProcess.js:173:6742)
	at O.h (/ide/out/vs/workbench/api/node/extensionHostProcess.js:97:20588)
	at listOnTimeout (node:internal/timers:569:17)
	at process.processTimers (node:internal/timers:512:7) setContext undefined
2024-03-12 22:04:59.233 [error] Canceled: Canceled
	at Object.C [as $6] (/ide/out/vs/workbench/api/node/extensionHostProcess.js:10:1032)
	at /ide/out/vs/workbench/api/node/extensionHostProcess.js:147:2349
	at Array.forEach (<anonymous>)
	at s.dispose (/ide/out/vs/workbench/api/node/extensionHostProcess.js:147:2287)
	at p.terminate (/ide/out/vs/workbench/api/node/extensionHostProcess.js:156:8052)
	at o.terminate (/ide/out/vs/workbench/api/node/extensionHostProcess.js:160:1513)
	at t (/ide/out/vs/workbench/api/node/extensionHostProcess.js:173:9949)
	at O.a (/ide/out/vs/workbench/api/node/extensionHostProcess.js:173:6742)
	at O.h (/ide/out/vs/workbench/api/node/extensionHostProcess.js:97:20588)
	at listOnTimeout (node:internal/timers:569:17)
	at process.processTimers (node:internal/timers:512:7) setContext undefined
2024-03-12 22:04:59.235 [error] Canceled: Canceled
	at new $ (/ide/out/vs/workbench/api/node/extensionHostProcess.js:140:45885)
	at s.U (/ide/out/vs/workbench/api/node/extensionHostProcess.js:147:5556)
	at z.<computed>.T.charCodeAt.z.<computed> (/ide/out/vs/workbench/api/node/extensionHostProcess.js:147:3007)
	at u.g (/ide/out/vs/workbench/api/node/extensionHostProcess.js:150:184418)
	at u.executeCommand (/ide/out/vs/workbench/api/node/extensionHostProcess.js:150:183856)
	at f.registerCommand.description (/ide/out/vs/workbench/api/node/extensionHostProcess.js:150:183180)
	at u.h (/ide/out/vs/workbench/api/node/extensionHostProcess.js:150:184957)
	at u.g (/ide/out/vs/workbench/api/node/extensionHostProcess.js:150:183949)
	at u.executeCommand (/ide/out/vs/workbench/api/node/extensionHostProcess.js:150:183856)
	at Object.executeCommand (/ide/out/vs/workbench/api/node/extensionHostProcess.js:160:21654)
	at p.O [as value] (/ide/extensions/git/dist/main.js:2:943479)
	at n.y (/ide/out/vs/workbench/api/node/extensionHostProcess.js:80:1902)
	at n.z (/ide/out/vs/workbench/api/node/extensionHostProcess.js:80:1972)
	at n.fire (/ide/out/vs/workbench/api/node/extensionHostProcess.js:80:2188)
	at Object.m [as dispose] (/ide/extensions/git/dist/main.js:2:962791)
	at /ide/extensions/git/dist/main.js:2:968825
	at Array.forEach (<anonymous>)
	at f.dispose (/ide/extensions/git/dist/main.js:2:968811)
	at l.<anonymous> (/ide/out/vs/workbench/api/node/extensionHostProcess.js:148:3704)
	at l.dispose (/ide/out/vs/workbench/api/node/extensionHostProcess.js:148:3801)
	at l.<anonymous> (/ide/extensions/git/dist/main.js:2:945736)
	at l.dispose (/ide/out/vs/workbench/api/node/extensionHostProcess.js:148:3801)
	at o (/ide/out/vs/workbench/api/node/extensionHostProcess.js:30:754)
	at p.cb (/ide/out/vs/workbench/api/node/extensionHostProcess.js:156:9882)
	at /ide/out/vs/workbench/api/node/extensionHostProcess.js:156:7816
	at Array.map (<anonymous>)
	at p.Y (/ide/out/vs/workbench/api/node/extensionHostProcess.js:156:7803)
	at p.terminate (/ide/out/vs/workbench/api/node/extensionHostProcess.js:156:8076)
	at o.terminate (/ide/out/vs/workbench/api/node/extensionHostProcess.js:160:1513)
	at t (/ide/out/vs/workbench/api/node/extensionHostProcess.js:173:9949)
	at O.a (/ide/out/vs/workbench/api/node/extensionHostProcess.js:173:6742)
	at O.h (/ide/out/vs/workbench/api/node/extensionHostProcess.js:97:20588)
	at listOnTimeout (node:internal/timers:569:17)
	at process.processTimers (node:internal/timers:512:7) setContext undefined
2024-03-12 22:04:59.235 [error] Canceled: Canceled
	at new $ (/ide/out/vs/workbench/api/node/extensionHostProcess.js:140:45885)
	at s.U (/ide/out/vs/workbench/api/node/extensionHostProcess.js:147:5556)
	at z.<computed>.T.charCodeAt.z.<computed> (/ide/out/vs/workbench/api/node/extensionHostProcess.js:147:3007)
	at u.g (/ide/out/vs/workbench/api/node/extensionHostProcess.js:150:184418)
	at u.executeCommand (/ide/out/vs/workbench/api/node/extensionHostProcess.js:150:183856)
	at f.registerCommand.description (/ide/out/vs/workbench/api/node/extensionHostProcess.js:150:183180)
	at u.h (/ide/out/vs/workbench/api/node/extensionHostProcess.js:150:184957)
	at u.g (/ide/out/vs/workbench/api/node/extensionHostProcess.js:150:183949)
	at u.executeCommand (/ide/out/vs/workbench/api/node/extensionHostProcess.js:150:183856)
	at Object.executeCommand (/ide/out/vs/workbench/api/node/extensionHostProcess.js:160:21654)
	at set hasGitHubRepositories [as hasGitHubRepositories] (/ide/extensions/github/dist/extension.js:2:325214)
	at /ide/extensions/github/dist/extension.js:2:326173
	at p.value (/ide/extensions/git/dist/main.js:2:1050811)
	at n.y (/ide/out/vs/workbench/api/node/extensionHostProcess.js:80:1902)
	at n.z (/ide/out/vs/workbench/api/node/extensionHostProcess.js:80:1972)
	at n.fire (/ide/out/vs/workbench/api/node/extensionHostProcess.js:80:2188)
	at Object.m [as dispose] (/ide/extensions/git/dist/main.js:2:962791)
	at /ide/extensions/git/dist/main.js:2:968825
	at Array.forEach (<anonymous>)
	at f.dispose (/ide/extensions/git/dist/main.js:2:968811)
	at l.<anonymous> (/ide/out/vs/workbench/api/node/extensionHostProcess.js:148:3704)
	at l.dispose (/ide/out/vs/workbench/api/node/extensionHostProcess.js:148:3801)
	at l.<anonymous> (/ide/extensions/git/dist/main.js:2:945736)
	at l.dispose (/ide/out/vs/workbench/api/node/extensionHostProcess.js:148:3801)
	at o (/ide/out/vs/workbench/api/node/extensionHostProcess.js:30:754)
	at p.cb (/ide/out/vs/workbench/api/node/extensionHostProcess.js:156:9882)
	at /ide/out/vs/workbench/api/node/extensionHostProcess.js:156:7816
	at Array.map (<anonymous>)
	at p.Y (/ide/out/vs/workbench/api/node/extensionHostProcess.js:156:7803)
	at p.terminate (/ide/out/vs/workbench/api/node/extensionHostProcess.js:156:8076)
	at o.terminate (/ide/out/vs/workbench/api/node/extensionHostProcess.js:160:1513)
	at t (/ide/out/vs/workbench/api/node/extensionHostProcess.js:173:9949)
	at O.a (/ide/out/vs/workbench/api/node/extensionHostProcess.js:173:6742)
	at O.h (/ide/out/vs/workbench/api/node/extensionHostProcess.js:97:20588)
	at listOnTimeout (node:internal/timers:569:17)
	at process.processTimers (node:internal/timers:512:7) setContext undefined
2024-03-12 22:04:59.238 [error] Canceled: Canceled
	at new $ (/ide/out/vs/workbench/api/node/extensionHostProcess.js:140:45885)
	at s.U (/ide/out/vs/workbench/api/node/extensionHostProcess.js:147:5556)
	at z.<computed>.T.charCodeAt.z.<computed> (/ide/out/vs/workbench/api/node/extensionHostProcess.js:147:3007)
	at u.g (/ide/out/vs/workbench/api/node/extensionHostProcess.js:150:184418)
	at u.executeCommand (/ide/out/vs/workbench/api/node/extensionHostProcess.js:150:183856)
	at f.registerCommand.description (/ide/out/vs/workbench/api/node/extensionHostProcess.js:150:183180)
	at u.h (/ide/out/vs/workbench/api/node/extensionHostProcess.js:150:184957)
	at u.g (/ide/out/vs/workbench/api/node/extensionHostProcess.js:150:183949)
	at u.executeCommand (/ide/out/vs/workbench/api/node/extensionHostProcess.js:150:183856)
	at Object.executeCommand (/ide/out/vs/workbench/api/node/extensionHostProcess.js:160:21654)
	at e (/workspace/.vscode-remote/extensions/github.vscode-pull-request-github-0.82.0-universal/dist/extension.js:1968:1467)
	at Object.n [as setContext] (/workspace/.vscode-remote/extensions/github.vscode-pull-request-github-0.82.0-universal/dist/extension.js:1968:1582)
	at Bp.updateActiveReviewCount (/workspace/.vscode-remote/extensions/github.vscode-pull-request-github-0.82.0-universal/dist/extension.js:2031:22909)
	at Bp.removeRepo (/workspace/.vscode-remote/extensions/github.vscode-pull-request-github-0.82.0-universal/dist/extension.js:2031:24054)
	at p.value (/workspace/.vscode-remote/extensions/github.vscode-pull-request-github-0.82.0-universal/dist/extension.js:2144:4217)
	at n.y (/ide/out/vs/workbench/api/node/extensionHostProcess.js:80:1902)
	at n.z (/ide/out/vs/workbench/api/node/extensionHostProcess.js:80:1972)
	at n.fire (/ide/out/vs/workbench/api/node/extensionHostProcess.js:80:2188)
	at p.value (/workspace/.vscode-remote/extensions/github.vscode-pull-request-github-0.82.0-universal/dist/extension.js:1936:446993)
	at n.y (/ide/out/vs/workbench/api/node/extensionHostProcess.js:80:1902)
	at n.fire (/ide/out/vs/workbench/api/node/extensionHostProcess.js:80:2119)
	at /workspace/.vscode-remote/extensions/github.vscode-pull-request-github-0.82.0-universal/dist/extension.js:2031:27770
	at p.value (/ide/extensions/git/dist/main.js:2:1050811)
	at n.y (/ide/out/vs/workbench/api/node/extensionHostProcess.js:80:1902)
	at n.z (/ide/out/vs/workbench/api/node/extensionHostProcess.js:80:1972)
	at n.fire (/ide/out/vs/workbench/api/node/extensionHostProcess.js:80:2188)
	at Object.m [as dispose] (/ide/extensions/git/dist/main.js:2:962791)
	at /ide/extensions/git/dist/main.js:2:968825
	at Array.forEach (<anonymous>)
	at f.dispose (/ide/extensions/git/dist/main.js:2:968811)
	at l.<anonymous> (/ide/out/vs/workbench/api/node/extensionHostProcess.js:148:3704)
	at l.dispose (/ide/out/vs/workbench/api/node/extensionHostProcess.js:148:3801)
	at l.<anonymous> (/ide/extensions/git/dist/main.js:2:945736)
	at l.dispose (/ide/out/vs/workbench/api/node/extensionHostProcess.js:148:3801)
	at o (/ide/out/vs/workbench/api/node/extensionHostProcess.js:30:754)
	at p.cb (/ide/out/vs/workbench/api/node/extensionHostProcess.js:156:9882)
	at /ide/out/vs/workbench/api/node/extensionHostProcess.js:156:7816
	at Array.map (<anonymous>)
	at p.Y (/ide/out/vs/workbench/api/node/extensionHostProcess.js:156:7803)
	at p.terminate (/ide/out/vs/workbench/api/node/extensionHostProcess.js:156:8076)
	at o.terminate (/ide/out/vs/workbench/api/node/extensionHostProcess.js:160:1513)
	at t (/ide/out/vs/workbench/api/node/extensionHostProcess.js:173:9949)
	at O.a (/ide/out/vs/workbench/api/node/extensionHostProcess.js:173:6742)
	at O.h (/ide/out/vs/workbench/api/node/extensionHostProcess.js:97:20588)
	at listOnTimeout (node:internal/timers:569:17)
	at process.processTimers (node:internal/timers:512:7) setContext undefined
2024-03-12 22:04:59.238 [error] Canceled: Canceled
	at new $ (/ide/out/vs/workbench/api/node/extensionHostProcess.js:140:45885)
	at s.U (/ide/out/vs/workbench/api/node/extensionHostProcess.js:147:5556)
	at z.<computed>.T.charCodeAt.z.<computed> (/ide/out/vs/workbench/api/node/extensionHostProcess.js:147:3007)
	at u.g (/ide/out/vs/workbench/api/node/extensionHostProcess.js:150:184418)
	at u.executeCommand (/ide/out/vs/workbench/api/node/extensionHostProcess.js:150:183856)
	at f.registerCommand.description (/ide/out/vs/workbench/api/node/extensionHostProcess.js:150:183180)
	at u.h (/ide/out/vs/workbench/api/node/extensionHostProcess.js:150:184957)
	at u.g (/ide/out/vs/workbench/api/node/extensionHostProcess.js:150:183949)
	at u.executeCommand (/ide/out/vs/workbench/api/node/extensionHostProcess.js:150:183856)
	at Object.executeCommand (/ide/out/vs/workbench/api/node/extensionHostProcess.js:160:21654)
	at e (/workspace/.vscode-remote/extensions/github.vscode-pull-request-github-0.82.0-universal/dist/extension.js:1968:1467)
	at Object.n [as setContext] (/workspace/.vscode-remote/extensions/github.vscode-pull-request-github-0.82.0-universal/dist/extension.js:1968:1582)
	at Am.setReviewModeContexts (/workspace/.vscode-remote/extensions/github.vscode-pull-request-github-0.82.0-universal/dist/extension.js:2131:14280)
	at Am.removePrFromView (/workspace/.vscode-remote/extensions/github.vscode-pull-request-github-0.82.0-universal/dist/extension.js:2131:14907)
	at Wc.clear (/workspace/.vscode-remote/extensions/github.vscode-pull-request-github-0.82.0-universal/dist/extension.js:2012:26101)
	at Wc.dispose (/workspace/.vscode-remote/extensions/github.vscode-pull-request-github-0.82.0-universal/dist/extension.js:2014:167)
	at Um.removeReviewManager (/workspace/.vscode-remote/extensions/github.vscode-pull-request-github-0.82.0-universal/dist/extension.js:2131:45823)
	at p.value (/workspace/.vscode-remote/extensions/github.vscode-pull-request-github-0.82.0-universal/dist/extension.js:2144:4235)
	at n.y (/ide/out/vs/workbench/api/node/extensionHostProcess.js:80:1902)
	at n.z (/ide/out/vs/workbench/api/node/extensionHostProcess.js:80:1972)
	at n.fire (/ide/out/vs/workbench/api/node/extensionHostProcess.js:80:2188)
	at p.value (/workspace/.vscode-remote/extensions/github.vscode-pull-request-github-0.82.0-universal/dist/extension.js:1936:446993)
	at n.y (/ide/out/vs/workbench/api/node/extensionHostProcess.js:80:1902)
	at n.fire (/ide/out/vs/workbench/api/node/extensionHostProcess.js:80:2119)
	at /workspace/.vscode-remote/extensions/github.vscode-pull-request-github-0.82.0-universal/dist/extension.js:2031:27770
	at p.value (/ide/extensions/git/dist/main.js:2:1050811)
	at n.y (/ide/out/vs/workbench/api/node/extensionHostProcess.js:80:1902)
	at n.z (/ide/out/vs/workbench/api/node/extensionHostProcess.js:80:1972)
	at n.fire (/ide/out/vs/workbench/api/node/extensionHostProcess.js:80:2188)
	at Object.m [as dispose] (/ide/extensions/git/dist/main.js:2:962791)
	at /ide/extensions/git/dist/main.js:2:968825
	at Array.forEach (<anonymous>)
	at f.dispose (/ide/extensions/git/dist/main.js:2:968811)
	at l.<anonymous> (/ide/out/vs/workbench/api/node/extensionHostProcess.js:148:3704)
	at l.dispose (/ide/out/vs/workbench/api/node/extensionHostProcess.js:148:3801)
	at l.<anonymous> (/ide/extensions/git/dist/main.js:2:945736)
	at l.dispose (/ide/out/vs/workbench/api/node/extensionHostProcess.js:148:3801)
	at o (/ide/out/vs/workbench/api/node/extensionHostProcess.js:30:754)
	at p.cb (/ide/out/vs/workbench/api/node/extensionHostProcess.js:156:9882)
	at /ide/out/vs/workbench/api/node/extensionHostProcess.js:156:7816
	at Array.map (<anonymous>)
	at p.Y (/ide/out/vs/workbench/api/node/extensionHostProcess.js:156:7803)
	at p.terminate (/ide/out/vs/workbench/api/node/extensionHostProcess.js:156:8076)
	at o.terminate (/ide/out/vs/workbench/api/node/extensionHostProcess.js:160:1513)
	at t (/ide/out/vs/workbench/api/node/extensionHostProcess.js:173:9949)
	at O.a (/ide/out/vs/workbench/api/node/extensionHostProcess.js:173:6742)
	at O.h (/ide/out/vs/workbench/api/node/extensionHostProcess.js:97:20588)
	at listOnTimeout (node:internal/timers:569:17)
	at process.processTimers (node:internal/timers:512:7) setContext undefined
2024-03-12 22:04:59.238 [error] Canceled: Canceled
	at new $ (/ide/out/vs/workbench/api/node/extensionHostProcess.js:140:45885)
	at s.U (/ide/out/vs/workbench/api/node/extensionHostProcess.js:147:5556)
	at z.<computed>.T.charCodeAt.z.<computed> (/ide/out/vs/workbench/api/node/extensionHostProcess.js:147:3007)
	at u.g (/ide/out/vs/workbench/api/node/extensionHostProcess.js:150:184418)
	at u.executeCommand (/ide/out/vs/workbench/api/node/extensionHostProcess.js:150:183856)
	at f.registerCommand.description (/ide/out/vs/workbench/api/node/extensionHostProcess.js:150:183180)
	at u.h (/ide/out/vs/workbench/api/node/extensionHostProcess.js:150:184957)
	at u.g (/ide/out/vs/workbench/api/node/extensionHostProcess.js:150:183949)
	at u.executeCommand (/ide/out/vs/workbench/api/node/extensionHostProcess.js:150:183856)
	at Object.executeCommand (/ide/out/vs/workbench/api/node/extensionHostProcess.js:160:21654)
	at S2.reset (/workspace/.vscode-remote/extensions/github.vscode-pull-request-github-0.82.0-universal/dist/extension.js:2131:7888)
	at S2.dispose (/workspace/.vscode-remote/extensions/github.vscode-pull-request-github-0.82.0-universal/dist/extension.js:2131:8159)
	at o (/ide/out/vs/workbench/api/node/extensionHostProcess.js:30:754)
	at p.cb (/ide/out/vs/workbench/api/node/extensionHostProcess.js:156:9882)
	at /ide/out/vs/workbench/api/node/extensionHostProcess.js:156:7816
	at Array.map (<anonymous>)
	at p.Y (/ide/out/vs/workbench/api/node/extensionHostProcess.js:156:7803)
	at p.terminate (/ide/out/vs/workbench/api/node/extensionHostProcess.js:156:8076)
	at o.terminate (/ide/out/vs/workbench/api/node/extensionHostProcess.js:160:1513)
	at t (/ide/out/vs/workbench/api/node/extensionHostProcess.js:173:9949)
	at O.a (/ide/out/vs/workbench/api/node/extensionHostProcess.js:173:6742)
	at O.h (/ide/out/vs/workbench/api/node/extensionHostProcess.js:97:20588)
	at listOnTimeout (node:internal/timers:569:17)
	at process.processTimers (node:internal/timers:512:7) setContext undefined
2024-03-12 22:04:59.240 [info] Extension host with pid 13682 exiting with code 0
