coderoad v0.19.4
STATE: "Setup.Startup"
ROUTE: "Setup.Startup": On level unknown, step unknown
EDITOR_STARTUP
Using tutorial url from env: https://raw.githubusercontent.com/freeCodeCamp/learn-celestial-bodies-database/main/tutorial.json
Tutorial: Celestial Bodies Database (2.0.0)
START_TUTORIAL_FROM_URL
EDITOR_TUTORIAL_CONFIG
Calling command: node --version
STATE: "Setup.SetupNewTutorial"
ROUTE: "Setup.SetupNewTutorial": On level unknown, step unknown
Workspace path: /workspace/project/.git
Check file exists: /workspace/project/.git
Calling command: git ls-remote --exit-code --heads https://github.com/freeCodeCamp/learn-celestial-bodies-database
Calling command: git ls-remote --exit-code --heads https://github.com/freeCodeCamp/learn-celestial-bodies-database v2.0.0
Calling command: git remote -v
Calling command: git log -n 1 --pretty=format:%s 7876ac42ed1e793530d52e059eed3c0085b8c919
Calling command: git log -g --grep='INIT'
Command: ./.freeCodeCamp/setup.sh
COMMAND_START
Calling command: ./.freeCodeCamp/setup.sh
STATE: "Setup.SetupNewTutorial"
ROUTE: "Setup.SetupNewTutorial": On level unknown, step unknown
Command output:  * Stopping PostgreSQL 12 database server
   ...done.
 * Starting PostgreSQL 12 database server
   ...done.
CREATE ROLE

COMMAND_SUCCESS
Command: cd .freeCodeCamp && npm install
COMMAND_START
Calling command: cd .freeCodeCamp && npm install
STATE: "Setup.SetupNewTutorial"
ROUTE: "Setup.SetupNewTutorial": On level unknown, step unknown
STATE: "Setup.SetupNewTutorial"
ROUTE: "Setup.SetupNewTutorial": On level unknown, step unknown
Command failed: npm notice 
npm notice New minor version of npm available! 10.2.4 -> 10.5.0
npm notice Changelog: <https://github.com/npm/cli/releases/tag/v10.5.0>
npm notice Run `npm install -g npm@10.5.0` to update!
npm notice 

COMMAND_FAIL
TUTORIAL_CONFIGURED
STATE: "Setup.SetupNewTutorial"
ROUTE: "Setup.SetupNewTutorial": On level unknown, step unknown
STATE: "Setup.StartTutorial"
ROUTE: "Setup.StartTutorial": On level 1, step 1.1
EDITOR_LEVEL_ENTER
EDITOR_STEP_ENTER
Calling command: git log -n 1 --pretty=format:%s 5fb8493694c4dccc55fc5acee35da474803006c2
EDITOR_RUN_TEST
------------------- RUN TEST -------------------
START_TEST
COMMAND: npm run programmatic-test --reporter=mocha-tap-reporter
Calling command: npm run programmatic-test --reporter=mocha-tap-reporter
Calling command: git log -g --grep='1.1'
STATE: "Tutorial.Level.Load"
ROUTE: "Tutorial.Level.Load": On level 1, step 1.1
STATE: "Tutorial.Level.Normal"
ROUTE: "Tutorial.Level.Normal": On level 1, step 1.1
STATE: "Tutorial.Level.TestRunning"
ROUTE: "Tutorial.Level.TestRunning": On level 1, step 1.1
---------------- TEST RESULTS -----------------
client connection ended
TEST_FAIL
STATE: "Tutorial.Level.Normal"
ROUTE: "Tutorial.Level.Normal": On level 1, step 1.1
