2024-03-13 19:22:40.620 [info] Log level: Info
2024-03-13 19:22:40.620 [info] Validating found git in: "git"
2024-03-13 19:22:40.620 [info] Using git "2.43.0" from "git"
2024-03-13 19:22:40.620 [info] > git rev-parse --show-toplevel [2ms]
2024-03-13 19:22:40.620 [info] > git rev-parse --git-dir --git-common-dir [2ms]
2024-03-13 19:22:40.620 [info] Open repository: /workspace/project
2024-03-13 19:22:40.620 [info] > git rev-parse --show-toplevel [8ms]
2024-03-13 19:22:40.620 [info] > git config --get commit.template [17ms]
2024-03-13 19:22:40.620 [info] > git rev-parse --show-toplevel [9ms]
2024-03-13 19:22:40.620 [info] > git for-each-ref --format=%(refname)%00%(upstream:short)%00%(objectname)%00%(upstream:track)%00%(upstream:remotename)%00%(upstream:remoteref) refs/heads/main refs/remotes/main [24ms]
2024-03-13 19:22:40.620 [warning] ENOENT: no such file or directory, open '/workspace/project/.git/refs/remotes/origin/main'
2024-03-13 19:22:40.620 [info] > git rev-parse refs/remotes/origin/main [1ms]
2024-03-13 19:22:40.620 [info] > git status -z -uall [2ms]
2024-03-13 19:22:40.620 [info] > git config --get commit.template [11ms]
2024-03-13 19:22:40.620 [info] > git for-each-ref --format=%(refname)%00%(upstream:short)%00%(objectname)%00%(upstream:track)%00%(upstream:remotename)%00%(upstream:remoteref) refs/heads/main refs/remotes/main [2ms]
2024-03-13 19:22:40.620 [warning] ENOENT: no such file or directory, open '/workspace/project/.git/refs/remotes/origin/main'
2024-03-13 19:22:40.620 [info] > git rev-parse refs/remotes/origin/main [3ms]
2024-03-13 19:22:40.620 [info] > git status -z -uall [3ms]
2024-03-13 19:22:41.070 [info] > git show --textconv :universe_new.sql [11ms]
2024-03-13 19:22:41.071 [info] > git ls-files --stage -- /workspace/project/universe_new.sql [2ms]
2024-03-13 19:22:41.132 [info] > git check-ignore -v -z --stdin [1ms]
2024-03-13 19:22:42.904 [info] > git config --local branch.main.github-pr-owner-number [1ms]
2024-03-13 19:22:42.904 [warning] git config failed: Failed to execute git
2024-03-13 19:23:07.462 [info] > git config --get commit.template [13ms]
2024-03-13 19:23:07.463 [info] > git for-each-ref --format=%(refname)%00%(upstream:short)%00%(objectname)%00%(upstream:track)%00%(upstream:remotename)%00%(upstream:remoteref) refs/heads/main refs/remotes/main [3ms]
2024-03-13 19:23:07.475 [warning] ENOENT: no such file or directory, open '/workspace/project/.git/refs/remotes/origin/main'
2024-03-13 19:23:07.476 [info] > git rev-parse refs/remotes/origin/main [2ms]
2024-03-13 19:23:07.486 [info] > git status -z -uall [1ms]
2024-03-13 19:27:42.758 [info] > git config --local branch.main.github-pr-owner-number [1ms]
2024-03-13 19:27:42.758 [warning] git config failed: Failed to execute git
2024-03-13 19:32:42.771 [info] > git config --local branch.main.github-pr-owner-number [1ms]
2024-03-13 19:32:42.771 [warning] git config failed: Failed to execute git
2024-03-13 19:37:42.783 [info] > git config --local branch.main.github-pr-owner-number [1ms]
2024-03-13 19:37:42.783 [warning] git config failed: Failed to execute git
2024-03-13 19:42:42.797 [info] > git config --local branch.main.github-pr-owner-number [1ms]
2024-03-13 19:42:42.797 [warning] git config failed: Failed to execute git
2024-03-13 19:47:42.809 [info] > git config --local branch.main.github-pr-owner-number [1ms]
2024-03-13 19:47:42.809 [warning] git config failed: Failed to execute git
2024-03-13 19:52:42.827 [info] > git config --local branch.main.github-pr-owner-number [2ms]
2024-03-13 19:52:42.827 [warning] git config failed: Failed to execute git
2024-03-13 19:57:42.840 [info] > git config --local branch.main.github-pr-owner-number [1ms]
2024-03-13 19:57:42.840 [warning] git config failed: Failed to execute git
2024-03-13 20:02:42.853 [info] > git config --local branch.main.github-pr-owner-number [1ms]
2024-03-13 20:02:42.853 [warning] git config failed: Failed to execute git
2024-03-13 20:07:42.866 [info] > git config --local branch.main.github-pr-owner-number [1ms]
2024-03-13 20:07:42.866 [warning] git config failed: Failed to execute git
2024-03-13 20:12:19.793 [info] > git config --get commit.template [8ms]
2024-03-13 20:12:19.794 [info] > git for-each-ref --format=%(refname)%00%(upstream:short)%00%(objectname)%00%(upstream:track)%00%(upstream:remotename)%00%(upstream:remoteref) refs/heads/main refs/remotes/main [2ms]
2024-03-13 20:12:19.799 [warning] ENOENT: no such file or directory, open '/workspace/project/.git/refs/remotes/origin/main'
2024-03-13 20:12:19.800 [info] > git rev-parse refs/remotes/origin/main [1ms]
2024-03-13 20:12:19.809 [info] > git status -z -uall [3ms]
2024-03-13 20:12:26.868 [info] > git config --get commit.template [11ms]
2024-03-13 20:12:26.868 [info] > git for-each-ref --format=%(refname)%00%(upstream:short)%00%(objectname)%00%(upstream:track)%00%(upstream:remotename)%00%(upstream:remoteref) refs/heads/main refs/remotes/main [3ms]
2024-03-13 20:12:26.876 [warning] ENOENT: no such file or directory, open '/workspace/project/.git/refs/remotes/origin/main'
2024-03-13 20:12:26.878 [info] > git rev-parse refs/remotes/origin/main [1ms]
2024-03-13 20:12:26.886 [info] > git status -z -uall [1ms]
