2024-03-13 15:39:10.202 [info] Log level: Info
2024-03-13 15:39:10.220 [info] VSCODE_MACHINE_ID: 51b3bf89-47f7-4fd4-9a2d-6ff6f5f42636
2024-03-13 15:39:10.220 [info] VSCODE_SESSION_ID: 6752782f-bef4-4db2-a435-3e5fbe3df4d71710344346829
2024-03-13 15:39:10.220 [info] VSCODE_VERSION: 1.87.0
2024-03-13 15:39:10.220 [info] VSCODE_APP_NAME: Gitpod Code
2024-03-13 15:39:10.220 [info] VSCODE_APP_HOST: Gitpod
2024-03-13 15:39:10.220 [info] VSCODE_UI_KIND: web
2024-03-13 15:39:10.220 [info] GITPOD_WORKSPACE_CONTEXT_URL: https://github.com/freeCodeCamp/learn-celestial-bodies-database
2024-03-13 15:39:10.220 [info] GITPOD_INSTANCE_ID: a6147219-2c1c-4f7e-ac97-24b0e4306472
2024-03-13 15:39:10.220 [info] GITPOD_WORKSPACE_URL: https://freecodecam-learncelest-ty8ardvq1sf.ws-us110.gitpod.io
2024-03-13 15:39:10.228 [info] Gitpod Web 4e069a6
2024-03-13 15:39:10.228 [info] Reading sessions from keychain...
2024-03-13 15:39:10.367 [info] Getting sessions for all scopes...
2024-03-13 15:39:10.367 [info] Getting GitHub sessions for all scopes...
2024-03-13 15:39:10.367 [info] Getting sessions for function:accessCodeSyncStorage...
2024-03-13 15:39:10.368 [info] Got stored sessions!
2024-03-13 15:39:10.368 [info] Verified session with the following scopes: function:accessCodeSyncStorage function:closePort function:controlAdmission function:deleteEnvVar function:generateNewGitpodToken function:getDefaultWorkspaceImage function:getEnvVars function:getGitpodTokenScopes function:getIDToken function:getLoggedInUser function:getOpenPorts function:getSupportedWorkspaceClasses function:getTeams function:getToken function:getWorkspace function:getWorkspaceEnvVars function:getWorkspaceOwner function:getWorkspaceTimeout function:getWorkspaceUsers function:guessGitTokenScopes function:isWorkspaceOwner function:openPort function:sendHeartBeat function:setEnvVar function:setWorkspaceTimeout function:stopWorkspace function:takeSnapshot function:trackEvent function:updateGitStatus function:waitForSnapshot resource:contentBlob::*::create/get resource:envVar::freeCodeCamp/learn-celestial-bodies-database::create/get/update/delete resource:gitpodToken::*::create resource:snapshot::ws-freecodecam-learncelest-ty8ardvq1sf::create resource:token::*::get resource:userStorage::*::create/get/update resource:workspace::freecodecam-learncelest-ty8ardvq1sf::get/update resource:workspaceInstance::a6147219-2c1c-4f7e-ac97-24b0e4306472::get/update/delete
2024-03-13 15:39:10.368 [info] Got 1 verified sessions.
2024-03-13 15:39:10.368 [info] Got 1 sessions for all scopes...
2024-03-13 15:39:10.369 [info] Got 1 sessions for function:accessCodeSyncStorage...
2024-03-13 15:39:10.460 [info] Getting GitHub sessions for all scopes...
2024-03-13 15:39:10.594 [info] Getting sessions for all scopes...
2024-03-13 15:39:10.594 [info] Got 1 sessions for all scopes...
2024-03-13 15:39:10.636 [info] Got 1 GitHub sessions for all scopes...
2024-03-13 15:39:10.636 [info] Got 1 GitHub sessions for all scopes...
2024-03-13 15:39:10.893 [info] Getting GitHub sessions for all scopes...
2024-03-13 15:39:10.893 [info] Got 1 GitHub sessions for all scopes...
2024-03-13 15:39:11.140 [info] Getting GitHub sessions for read:user,repo,user:email,workflow...
2024-03-13 15:39:11.140 [info] Got 0 GitHub sessions for read:user,repo,user:email,workflow...
2024-03-13 15:39:11.598 [info] Getting GitHub sessions for project,read:org,read:user,repo,user:email,workflow...
2024-03-13 15:39:11.598 [info] Got 0 GitHub sessions for project,read:org,read:user,repo,user:email,workflow...
2024-03-13 15:39:12.037 [info] Getting GitHub sessions for read:user,repo,user:email,workflow...
2024-03-13 15:39:12.037 [info] Got 0 GitHub sessions for read:user,repo,user:email,workflow...
2024-03-13 15:39:12.401 [info] Getting GitHub sessions for read:user,repo,user:email...
2024-03-13 15:39:12.401 [info] Got 0 GitHub sessions for read:user,repo,user:email...
2024-03-13 15:39:12.781 [info] Getting GitHub sessions for read:user,repo,user:email,workflow...
2024-03-13 15:39:12.781 [info] Got 0 GitHub sessions for read:user,repo,user:email,workflow...
