2024-03-12 21:57:19.537 [info] Log level: Info
2024-03-12 21:57:19.559 [info] VSCODE_MACHINE_ID: someValue.machineId
2024-03-12 21:57:19.559 [info] VSCODE_SESSION_ID: someValue.sessionId
2024-03-12 21:57:19.559 [info] VSCODE_VERSION: 1.87.0
2024-03-12 21:57:19.559 [info] VSCODE_APP_NAME: Gitpod Code
2024-03-12 21:57:19.559 [info] VSCODE_APP_HOST: Gitpod
2024-03-12 21:57:19.559 [info] VSCODE_UI_KIND: web
2024-03-12 21:57:19.559 [info] GITPOD_WORKSPACE_CONTEXT_URL: https://github.com/freeCodeCamp/learn-celestial-bodies-database
2024-03-12 21:57:19.559 [info] GITPOD_INSTANCE_ID: 0623429d-43af-4def-b492-a8a21a8bd7ea
2024-03-12 21:57:19.559 [info] GITPOD_WORKSPACE_URL: https://freecodecam-learncelest-ty8ardvq1sf.ws-us109.gitpod.io
2024-03-12 21:57:19.566 [info] Gitpod Web 4e069a6
2024-03-12 21:57:19.566 [info] Reading sessions from keychain...
2024-03-12 21:57:19.701 [info] Getting sessions for all scopes...
2024-03-12 21:57:19.701 [info] Getting GitHub sessions for all scopes...
2024-03-12 21:57:19.701 [info] Getting sessions for function:accessCodeSyncStorage...
2024-03-12 21:57:19.701 [info] Got stored sessions!
2024-03-12 21:57:19.701 [info] Verified session with the following scopes: function:accessCodeSyncStorage function:closePort function:controlAdmission function:deleteEnvVar function:generateNewGitpodToken function:getDefaultWorkspaceImage function:getEnvVars function:getGitpodTokenScopes function:getIDToken function:getLoggedInUser function:getOpenPorts function:getSupportedWorkspaceClasses function:getTeams function:getToken function:getWorkspace function:getWorkspaceEnvVars function:getWorkspaceOwner function:getWorkspaceTimeout function:getWorkspaceUsers function:guessGitTokenScopes function:isWorkspaceOwner function:openPort function:sendHeartBeat function:setEnvVar function:setWorkspaceTimeout function:stopWorkspace function:takeSnapshot function:trackEvent function:updateGitStatus function:waitForSnapshot resource:contentBlob::*::create/get resource:envVar::freeCodeCamp/learn-celestial-bodies-database::create/get/update/delete resource:gitpodToken::*::create resource:snapshot::ws-freecodecam-learncelest-ty8ardvq1sf::create resource:token::*::get resource:userStorage::*::create/get/update resource:workspace::freecodecam-learncelest-ty8ardvq1sf::get/update resource:workspaceInstance::0623429d-43af-4def-b492-a8a21a8bd7ea::get/update/delete
2024-03-12 21:57:19.701 [info] Got 1 verified sessions.
2024-03-12 21:57:19.701 [info] Got 1 sessions for all scopes...
2024-03-12 21:57:19.702 [info] Got 1 sessions for function:accessCodeSyncStorage...
2024-03-12 21:57:19.790 [info] Getting GitHub sessions for all scopes...
2024-03-12 21:57:19.845 [info] Got 1 GitHub sessions for all scopes...
2024-03-12 21:57:19.845 [info] Got 1 GitHub sessions for all scopes...
2024-03-12 21:57:19.912 [info] Getting sessions for all scopes...
2024-03-12 21:57:19.912 [info] Got 1 sessions for all scopes...
2024-03-12 21:57:19.988 [info] Getting GitHub sessions for all scopes...
2024-03-12 21:57:19.988 [info] Got 1 GitHub sessions for all scopes...
2024-03-12 21:57:20.435 [info] Getting GitHub sessions for read:user,repo,user:email,workflow...
2024-03-12 21:57:20.435 [info] Got 0 GitHub sessions for read:user,repo,user:email,workflow...
2024-03-12 21:57:20.920 [info] Getting GitHub sessions for project,read:org,read:user,repo,user:email,workflow...
2024-03-12 21:57:20.920 [info] Got 0 GitHub sessions for project,read:org,read:user,repo,user:email,workflow...
2024-03-12 21:57:21.323 [info] Getting GitHub sessions for read:user,repo,user:email,workflow...
2024-03-12 21:57:21.323 [info] Got 0 GitHub sessions for read:user,repo,user:email,workflow...
2024-03-12 21:57:21.800 [info] Getting GitHub sessions for read:user,repo,user:email...
2024-03-12 21:57:21.800 [info] Got 0 GitHub sessions for read:user,repo,user:email...
2024-03-12 21:57:22.184 [info] Getting GitHub sessions for read:user,repo,user:email,workflow...
2024-03-12 21:57:22.184 [info] Got 0 GitHub sessions for read:user,repo,user:email,workflow...
