2024-03-12 21:14:12.166 [info] Log level: Info
2024-03-12 21:14:12.166 [info] VSCODE_MACHINE_ID: 67cae5b5-d395-42e5-87eb-afdaca0588b7
2024-03-12 21:14:12.166 [info] VSCODE_SESSION_ID: 0699c741-35d7-465f-bcd3-2224920e6bc31710278045789
2024-03-12 21:14:12.166 [info] VSCODE_VERSION: 1.87.0
2024-03-12 21:14:12.166 [info] VSCODE_APP_NAME: Gitpod Code
2024-03-12 21:14:12.166 [info] VSCODE_APP_HOST: Gitpod
2024-03-12 21:14:12.166 [info] VSCODE_UI_KIND: web
2024-03-12 21:14:12.166 [info] GITPOD_WORKSPACE_CONTEXT_URL: https://github.com/freeCodeCamp/learn-celestial-bodies-database
2024-03-12 21:14:12.166 [info] GITPOD_INSTANCE_ID: 0623429d-43af-4def-b492-a8a21a8bd7ea
2024-03-12 21:14:12.166 [info] GITPOD_WORKSPACE_URL: https://freecodecam-learncelest-ty8ardvq1sf.ws-us109.gitpod.io
2024-03-12 21:14:12.166 [info] Gitpod Web 4e069a6
2024-03-12 21:14:12.166 [info] Reading sessions from keychain...
2024-03-12 21:14:12.342 [info] Getting sessions for all scopes...
2024-03-12 21:14:12.342 [info] Getting GitHub sessions for all scopes...
2024-03-12 21:14:12.342 [info] Got stored sessions!
2024-03-12 21:14:12.342 [info] Verified session with the following scopes: function:accessCodeSyncStorage function:closePort function:controlAdmission function:deleteEnvVar function:generateNewGitpodToken function:getDefaultWorkspaceImage function:getEnvVars function:getGitpodTokenScopes function:getIDToken function:getLoggedInUser function:getOpenPorts function:getSupportedWorkspaceClasses function:getTeams function:getToken function:getWorkspace function:getWorkspaceEnvVars function:getWorkspaceOwner function:getWorkspaceTimeout function:getWorkspaceUsers function:guessGitTokenScopes function:isWorkspaceOwner function:openPort function:sendHeartBeat function:setEnvVar function:setWorkspaceTimeout function:stopWorkspace function:takeSnapshot function:trackEvent function:updateGitStatus function:waitForSnapshot resource:contentBlob::*::create/get resource:envVar::freeCodeCamp/learn-celestial-bodies-database::create/get/update/delete resource:gitpodToken::*::create resource:snapshot::ws-freecodecam-learncelest-ty8ardvq1sf::create resource:token::*::get resource:userStorage::*::create/get/update resource:workspace::freecodecam-learncelest-ty8ardvq1sf::get/update resource:workspaceInstance::0623429d-43af-4def-b492-a8a21a8bd7ea::get/update/delete
2024-03-12 21:14:12.345 [info] Got 1 verified sessions.
2024-03-12 21:14:12.345 [info] Got 1 sessions for all scopes...
2024-03-12 21:14:12.466 [info] Getting GitHub sessions for all scopes...
2024-03-12 21:14:12.467 [info] Got 1 GitHub sessions for all scopes...
2024-03-12 21:14:12.467 [info] Got 1 GitHub sessions for all scopes...
2024-03-12 21:14:12.952 [info] Getting sessions for all scopes...
2024-03-12 21:14:12.952 [info] Got 1 sessions for all scopes...
2024-03-12 21:14:12.957 [info] Getting GitHub sessions for all scopes...
2024-03-12 21:14:12.957 [info] Got 1 GitHub sessions for all scopes...
2024-03-12 21:14:13.204 [info] Getting GitHub sessions for read:user,repo,user:email,workflow...
2024-03-12 21:14:13.204 [info] Got 0 GitHub sessions for read:user,repo,user:email,workflow...
2024-03-12 21:14:13.517 [info] Getting GitHub sessions for project,read:org,read:user,repo,user:email,workflow...
2024-03-12 21:14:13.517 [info] Got 0 GitHub sessions for project,read:org,read:user,repo,user:email,workflow...
2024-03-12 21:14:13.944 [info] Getting GitHub sessions for read:user,repo,user:email,workflow...
2024-03-12 21:14:13.945 [info] Got 0 GitHub sessions for read:user,repo,user:email,workflow...
2024-03-12 21:14:14.361 [info] Getting GitHub sessions for read:user,repo,user:email...
2024-03-12 21:14:14.361 [info] Got 0 GitHub sessions for read:user,repo,user:email...
2024-03-12 21:14:14.754 [info] Getting GitHub sessions for read:user,repo,user:email,workflow...
2024-03-12 21:14:14.754 [info] Got 0 GitHub sessions for read:user,repo,user:email,workflow...
2024-03-12 21:14:14.840 [info] Getting sessions for function:accessCodeSyncStorage...
2024-03-12 21:14:14.840 [info] Got 1 sessions for function:accessCodeSyncStorage...
